{"level":"info","message":"API listening port 4603","timestamp":"2023-08-27 01:49:53"}
{"level":"info","message":"Connected to Database","timestamp":"2023-08-27 01:49:53"}
{"level":"info","message":{"body":{"invertor":{"address":"Rock 567","dni":"98563457-2","email":"CeferinaTacuri@gmail.com","maternallastname":"Tacury","name":"Ceferina Apolinaria","paternallastname":"Ramos","phone":"957902342"},"investment":{"amount":60000,"enddate":"27/08/2024","interests":12000,"monthpay":"AGOSTO","months":"12","proyect":"ninguno","registrationdate":"27/08/2023","retention":600,"returnpercentage":"20","subtotal":72000,"total":71400}},"method":"POST","params":"","query":"","url":"/api/investment/create"},"timestamp":"2023-08-27 01:51:23"}
{"level":"info","message":{"error":{"address":"Rock 567","dni":"98563457-2","email":"CeferinaTacuri@gmail.com","id":"c4e421a2-2167-432e-9a83-aca0da1cc8fd","maternallastname":"Tacury","name":"Ceferina Apolinaria","paternallastname":"Ramos","phone":"957902342"},"model":"person/create"},"timestamp":"2023-08-27 01:51:23"}
{"level":"info","message":{"error":{"amount":"60000","enddate":"27/08/2024","id":"be2e2cc3-569a-4353-bf0e-193509c2828c","interests":"12000","monthpay":"AGOSTO","months":"12","proyect":"ninguno","registrationdate":"27/08/2023","retention":"600","returnpercentage":"20","state":"Vigente","subtotal":"72000","total":"71400"},"model":"person/create"},"timestamp":"2023-08-27 01:51:23"}
{"level":"info","message":{"body":"","method":"GET","params":{},"query":{},"url":"/api/investment/getAll"},"timestamp":"2023-08-27 01:52:44"}
{"level":"info","message":{"body":"","method":"GET","params":{},"query":{},"url":"/api/investment/getAll"},"timestamp":"2023-08-27 01:52:44"}
{"level":"info","message":{"body":{"invertor":{"address":"Provincial 101","dni":"97676927-9","email":"Vercelli@gmail.com","maternallastname":"Tacuri","name":"Vercelli Lidia","paternallastname":"Ramos","phone":"957902342"},"investment":{"amount":60000,"enddate":"27/08/2024","interests":12000,"monthpay":"AGOSTO","months":"12","proyect":"ninguno","registrationdate":"27/08/2023","retention":600,"returnpercentage":"20","subtotal":72000,"total":71400}},"method":"POST","params":"","query":"","url":"/api/investment/create"},"timestamp":"2023-08-27 01:54:17"}
{"level":"info","message":{"error":{"address":"Provincial 101","dni":"97676927-9","email":"Vercelli@gmail.com","id":"0e9c29e4-fcde-4374-a7b0-e0749dc8a165","maternallastname":"Tacuri","name":"Vercelli Lidia","paternallastname":"Ramos","phone":"957902342"},"model":"person/create"},"timestamp":"2023-08-27 01:54:17"}
{"level":"info","message":{"error":{"amount":"60000","enddate":"27/08/2024","id":"59f437ad-ba4c-4111-9190-84ac84e69bb1","interests":"12000","monthpay":"AGOSTO","months":"12","proyect":"ninguno","registrationdate":"27/08/2023","retention":"600","returnpercentage":"20","state":"Vigente","subtotal":"72000","total":"71400"},"model":"person/create"},"timestamp":"2023-08-27 01:54:17"}
{"level":"info","message":{"body":"","method":"GET","params":{},"query":{},"url":"/api/investment/getAll"},"timestamp":"2023-08-27 01:55:35"}
{"level":"info","message":{"body":"","method":"GET","params":{},"query":{},"url":"/api/investment/getAll"},"timestamp":"2023-08-27 01:55:36"}
{"level":"info","message":{"body":"","method":"GET","params":{},"query":{},"url":"/api/investment/getAll"},"timestamp":"2023-08-27 01:55:41"}
{"level":"info","message":{"body":"","method":"GET","params":{},"query":{},"url":"/api/investment/getAll"},"timestamp":"2023-08-27 01:55:41"}
{"level":"info","message":{"body":"","method":"GET","params":{},"query":{},"url":"/api/investment/getAll"},"timestamp":"2023-08-27 01:56:26"}
{"level":"info","message":{"body":"","method":"GET","params":{},"query":{},"url":"/api/investment/getAll"},"timestamp":"2023-08-27 01:56:26"}
{"level":"info","message":{"body":"","method":"GET","params":{},"query":{},"url":"/api/investment/getAll"},"timestamp":"2023-08-27 01:58:42"}
{"level":"info","message":{"body":"","method":"GET","params":{},"query":{},"url":"/api/investment/getAll"},"timestamp":"2023-08-27 01:58:42"}
{"level":"info","message":{"body":{"invertor":{"address":"Rivas 820","dni":"97858572-8","email":"JuanGabriel@gmail.com","maternallastname":"Diaz","name":"Juan Gabriel","paternallastname":"Duran","phone":"957902342"},"investment":{"amount":30000,"enddate":"27/08/2024","interests":4500,"monthpay":"AGOSTO","months":"12","proyect":"ninguno","registrationdate":"27/08/2023","retention":225,"returnpercentage":"15","subtotal":34500,"total":34275}},"method":"POST","params":"","query":"","url":"/api/investment/create"},"timestamp":"2023-08-27 02:00:22"}
{"level":"info","message":{"error":{"address":"Rivas 820","dni":"97858572-8","email":"JuanGabriel@gmail.com","id":"46c2d570-78ad-4373-b9a8-3ff6d2827618","maternallastname":"Diaz","name":"Juan Gabriel","paternallastname":"Duran","phone":"957902342"},"model":"person/create"},"timestamp":"2023-08-27 02:00:22"}
{"level":"info","message":{"error":{"amount":"30000","enddate":"27/08/2024","id":"665bb4dd-b509-4468-af80-a7e6fef95aba","interests":"4500","monthpay":"AGOSTO","months":"12","proyect":"ninguno","registrationdate":"27/08/2023","retention":"225","returnpercentage":"15","state":"Vigente","subtotal":"34500","total":"34275"},"model":"person/create"},"timestamp":"2023-08-27 02:00:22"}
{"level":"info","message":{"body":{"invertor":{"address":"Rivas 820","dni":"97858572-8","email":"JuanGabriel@gmail.com","maternallastname":"Diaz","name":"Juan Gabriel","paternallastname":"Duran","phone":"957902342"},"investment":{"amount":30000,"enddate":"27/02/2024","interests":4500,"monthpay":"FEBRERO","months":"6","proyect":"ninguno","registrationdate":"27/08/2023","retention":225,"returnpercentage":"15","subtotal":34500,"total":34275}},"method":"POST","params":"","query":"","url":"/api/investment/create"},"timestamp":"2023-08-27 02:02:23"}
{"level":"info","message":{"error":{"address":"Rivas 820","dni":"97858572-8","email":"JuanGabriel@gmail.com","id":"46c2d570-78ad-4373-b9a8-3ff6d2827618","maternallastname":"Diaz","name":"Juan Gabriel","paternallastname":"Duran","phone":"957902342"},"model":"person/create"},"timestamp":"2023-08-27 02:02:23"}
{"level":"info","message":{"error":{"amount":"30000","enddate":"27/02/2024","id":"88c5090b-1843-4e22-8a4b-909c045a49de","interests":"4500","monthpay":"FEBRERO","months":"6","proyect":"ninguno","registrationdate":"27/08/2023","retention":"225","returnpercentage":"15","state":"Vigente","subtotal":"34500","total":"34275"},"model":"person/create"},"timestamp":"2023-08-27 02:02:23"}
{"level":"info","message":{"body":"","method":"GET","params":{},"query":{},"url":"/api/investment/getAll"},"timestamp":"2023-08-27 02:05:33"}
{"level":"info","message":{"body":"","method":"GET","params":{},"query":{},"url":"/api/investment/getAll"},"timestamp":"2023-08-27 02:05:34"}
{"level":"info","message":{"body":"","method":"GET","params":{},"query":{},"url":"/api/investment/getAll"},"timestamp":"2023-08-27 02:05:39"}
{"level":"info","message":{"body":"","method":"GET","params":{},"query":{},"url":"/api/investment/getAll"},"timestamp":"2023-08-27 02:05:39"}
{"level":"info","message":{"body":"","method":"GET","params":{},"query":{},"url":"/api/investment/getAll"},"timestamp":"2023-08-27 02:05:50"}
{"level":"info","message":{"body":"","method":"GET","params":{},"query":{},"url":"/api/investment/getAll"},"timestamp":"2023-08-27 02:05:50"}
{"level":"info","message":{"body":"","method":"GET","params":{},"query":{},"url":"/api/investment/getAll"},"timestamp":"2023-08-27 02:10:53"}
{"level":"info","message":{"body":"","method":"GET","params":{},"query":{},"url":"/api/investment/getAll"},"timestamp":"2023-08-27 02:10:53"}
{"level":"info","message":{"body":{"invertor":{"address":"Rock 567","dni":"98798387-6","email":"Whashington@gmail.com","maternallastname":"Chambi","name":"Whashington","paternallastname":"Ortiz","phone":"957902342"},"investment":{"amount":15000,"enddate":"27/02/2024","interests":1800,"monthpay":"FEBRERO","months":"6","proyect":"ninguno","registrationdate":"27/08/2023","retention":90,"returnpercentage":"12","subtotal":16800,"total":16710}},"method":"POST","params":"","query":"","url":"/api/investment/create"},"timestamp":"2023-08-27 02:13:35"}
{"level":"info","message":{"error":{"address":"Rock 567","dni":"98798387-6","email":"Whashington@gmail.com","id":"6b90ace0-5e54-4aee-8388-46c58f3f00f0","maternallastname":"Chambi","name":"Whashington","paternallastname":"Ortiz","phone":"957902342"},"model":"person/create"},"timestamp":"2023-08-27 02:13:35"}
{"level":"info","message":{"error":{"amount":"15000","enddate":"27/02/2024","id":"84031ce1-f704-4752-a4bc-f3374644f801","interests":"1800","monthpay":"FEBRERO","months":"6","proyect":"ninguno","registrationdate":"27/08/2023","retention":"90","returnpercentage":"12","state":"Vigente","subtotal":"16800","total":"16710"},"model":"person/create"},"timestamp":"2023-08-27 02:13:35"}
{"level":"info","message":{"body":"","method":"GET","params":{},"query":{},"url":"/api/investment/getAll"},"timestamp":"2023-08-27 02:14:51"}
{"level":"info","message":{"body":"","method":"GET","params":{},"query":{},"url":"/api/investment/getAll"},"timestamp":"2023-08-27 02:14:51"}
{"level":"info","message":{"body":{"invertor":{"address":"Provincial 101","dni":"91060164-4","email":"Erenio@gmail.com","maternallastname":"Cambilla","name":"Erenio","paternallastname":"Ramos","phone":"957902342"},"investment":{"amount":60000,"enddate":"27/08/2024","interests":12000,"monthpay":"AGOSTO","months":"12","proyect":"ninguno","registrationdate":"27/08/2023","retention":600,"returnpercentage":"20","subtotal":72000,"total":71400}},"method":"POST","params":"","query":"","url":"/api/investment/create"},"timestamp":"2023-08-27 02:18:47"}
{"level":"info","message":{"error":{"address":"Provincial 101","dni":"91060164-4","email":"Erenio@gmail.com","id":"9fa22fef-12a9-4912-af21-f7966fe89c87","maternallastname":"Cambilla","name":"Erenio","paternallastname":"Ramos","phone":"957902342"},"model":"person/create"},"timestamp":"2023-08-27 02:18:47"}
{"level":"info","message":{"error":{"amount":"60000","enddate":"27/08/2024","id":"ba7413f7-369d-4d80-b4bb-e2a63284aae5","interests":"12000","monthpay":"AGOSTO","months":"12","proyect":"ninguno","registrationdate":"27/08/2023","retention":"600","returnpercentage":"20","state":"Vigente","subtotal":"72000","total":"71400"},"model":"person/create"},"timestamp":"2023-08-27 02:18:47"}
{"level":"info","message":{"body":"","method":"GET","params":{},"query":{},"url":"/api/investment/getAll"},"timestamp":"2023-08-27 02:21:27"}
{"level":"info","message":{"body":"","method":"GET","params":{},"query":{},"url":"/api/investment/getAll"},"timestamp":"2023-08-27 02:21:27"}
{"level":"info","message":{"body":"","method":"GET","params":{},"query":{},"url":"/api/investment/getAll"},"timestamp":"2023-08-27 02:42:37"}
{"level":"info","message":{"body":"","method":"GET","params":{},"query":{},"url":"/api/investment/getAll"},"timestamp":"2023-08-27 02:42:40"}
{"level":"info","message":{"body":"","method":"GET","params":{},"query":{},"url":"/api/investment/getAll"},"timestamp":"2023-08-27 02:42:40"}
{"level":"info","message":{"body":"","method":"GET","params":{},"query":{},"url":"/api/investment/getAll"},"timestamp":"2023-08-27 02:43:30"}
{"level":"info","message":{"body":"","method":"GET","params":{},"query":{},"url":"/api/investment/getAll"},"timestamp":"2023-08-27 02:43:30"}
{"level":"info","message":{"body":"","method":"GET","params":{},"query":{},"url":"/api/investment/getAll"},"timestamp":"2023-08-27 02:43:54"}
{"level":"info","message":{"body":"","method":"GET","params":{},"query":{},"url":"/api/investment/getAll"},"timestamp":"2023-08-27 02:43:55"}
{"level":"info","message":{"body":"","method":"GET","params":{},"query":{},"url":"/api/investment/getAll"},"timestamp":"2023-08-27 02:44:45"}
{"level":"info","message":{"body":"","method":"GET","params":{},"query":{},"url":"/api/investment/getAll"},"timestamp":"2023-08-27 02:44:45"}
{"level":"info","message":{"body":"","method":"GET","params":{},"query":{},"url":"/api/investment/getAll"},"timestamp":"2023-08-27 02:45:23"}
{"level":"info","message":{"body":"","method":"GET","params":{},"query":{},"url":"/api/investment/getAll"},"timestamp":"2023-08-27 02:45:23"}
{"level":"info","message":{"body":"","method":"GET","params":{},"query":{},"url":"/api/investment/getAll"},"timestamp":"2023-08-27 02:45:35"}
{"level":"info","message":{"body":"","method":"GET","params":{},"query":{},"url":"/api/investment/getAll"},"timestamp":"2023-08-27 02:45:35"}
{"level":"info","message":{"body":"","method":"GET","params":{},"query":{},"url":"/api/investment/getAll"},"timestamp":"2023-08-27 02:46:01"}
{"level":"info","message":{"body":"","method":"GET","params":{},"query":{},"url":"/api/investment/getAll"},"timestamp":"2023-08-27 02:46:01"}
