{"level":"info","message":"API listening port 4603","timestamp":"2023-09-10 23:41:35"}
{"level":"info","message":"Connected to Database","timestamp":"2023-09-10 23:41:36"}
{"level":"info","message":{"body":"","method":"GET","params":{},"query":{},"url":"/api/proyect/getAll"},"timestamp":"2023-09-10 23:47:26"}
{"level":"info","message":{"body":"","method":"GET","params":{},"query":{},"url":"/api/proyect/getAll"},"timestamp":"2023-09-10 23:47:26"}
{"level":"info","message":{"body":"","method":"GET","params":{},"query":{},"url":"/api/proyect/getAll"},"timestamp":"2023-09-10 23:47:56"}
{"level":"info","message":{"body":"","method":"GET","params":{},"query":{},"url":"/api/proyect/getAll"},"timestamp":"2023-09-10 23:47:57"}
{"level":"info","message":{"body":"","method":"GET","params":{},"query":{},"url":"/api/proyect/getAll"},"timestamp":"2023-09-10 23:47:57"}
{"level":"info","message":{"body":"","method":"GET","params":{},"query":{},"url":"/api/investment/getAll"},"timestamp":"2023-09-10 23:52:46"}
{"level":"info","message":{"body":"","method":"GET","params":{},"query":{},"url":"/api/investment/getAll"},"timestamp":"2023-09-10 23:52:46"}
{"level":"info","message":{"body":"","method":"GET","params":{},"query":{},"url":"/api/proyect/getAll"},"timestamp":"2023-09-10 23:52:50"}
{"level":"info","message":{"body":"","method":"GET","params":{},"query":{},"url":"/api/proyect/getAll"},"timestamp":"2023-09-10 23:52:50"}
{"level":"info","message":{"body":"","method":"GET","params":{},"query":{},"url":"/api/investment/getAll"},"timestamp":"2023-09-10 23:53:04"}
{"level":"info","message":{"body":"","method":"GET","params":{},"query":{},"url":"/api/investment/getAll"},"timestamp":"2023-09-10 23:53:04"}
{"level":"info","message":{"body":{"id":"88c5090b-1843-4e22-8a4b-909c045a49de"},"method":"POST","params":"","query":"","url":"/api/investment/getById"},"timestamp":"2023-09-10 23:53:08"}
{"level":"info","message":{"body":{"id":"88c5090b-1843-4e22-8a4b-909c045a49de"},"method":"POST","params":"","query":"","url":"/api/investment/getById"},"timestamp":"2023-09-10 23:53:08"}
{"level":"info","message":{"body":"","method":"GET","params":{},"query":{},"url":"/api/investment/getAll"},"timestamp":"2023-09-10 23:53:10"}
{"level":"info","message":{"body":"","method":"GET","params":{},"query":{},"url":"/api/investment/getAll"},"timestamp":"2023-09-10 23:53:10"}
{"level":"info","message":{"body":{"id":"58d93084-284d-4273-a1c3-20bb5086c61c"},"method":"POST","params":"","query":"","url":"/api/investment/getById"},"timestamp":"2023-09-10 23:53:11"}
{"level":"info","message":{"body":{"id":"58d93084-284d-4273-a1c3-20bb5086c61c"},"method":"POST","params":"","query":"","url":"/api/investment/getById"},"timestamp":"2023-09-10 23:53:11"}
{"level":"info","message":{"body":"","method":"GET","params":{},"query":{},"url":"/api/investment/getAll"},"timestamp":"2023-09-10 23:53:13"}
{"level":"info","message":{"body":"","method":"GET","params":{},"query":{},"url":"/api/investment/getAll"},"timestamp":"2023-09-10 23:53:13"}
{"level":"info","message":{"body":{"id":"2f8675bb-fd5b-45bf-b5a6-3cf6cbf4cf00"},"method":"POST","params":"","query":"","url":"/api/investment/getById"},"timestamp":"2023-09-10 23:53:15"}
{"level":"info","message":{"body":{"id":"2f8675bb-fd5b-45bf-b5a6-3cf6cbf4cf00"},"method":"POST","params":"","query":"","url":"/api/investment/getById"},"timestamp":"2023-09-10 23:53:15"}
{"level":"info","message":{"body":"","method":"GET","params":{},"query":{},"url":"/api/proyect/getAll"},"timestamp":"2023-09-10 23:53:38"}
{"level":"info","message":{"body":"","method":"GET","params":{},"query":{},"url":"/api/proyect/getAll"},"timestamp":"2023-09-10 23:53:38"}
{"level":"info","message":{"body":"","method":"GET","params":{},"query":{},"url":"/api/investment/getAll"},"timestamp":"2023-09-10 23:53:53"}
{"level":"info","message":{"body":"","method":"GET","params":{},"query":{},"url":"/api/investment/getAll"},"timestamp":"2023-09-10 23:53:53"}
{"level":"info","message":{"body":"","method":"GET","params":{},"query":{},"url":"/api/proyect/getAll"},"timestamp":"2023-09-10 23:53:57"}
{"level":"info","message":{"body":"","method":"GET","params":{},"query":{},"url":"/api/proyect/getAll"},"timestamp":"2023-09-10 23:53:57"}
{"level":"info","message":{"body":"","method":"GET","params":{},"query":{},"url":"/api/investment/getAll"},"timestamp":"2023-09-10 23:53:59"}
{"level":"info","message":{"body":"","method":"GET","params":{},"query":{},"url":"/api/investment/getAll"},"timestamp":"2023-09-10 23:53:59"}
{"level":"info","message":{"body":"","method":"GET","params":{},"query":{},"url":"/api/investment/getAll"},"timestamp":"2023-09-10 23:54:17"}
{"level":"info","message":{"body":"","method":"GET","params":{},"query":{},"url":"/api/investment/getAll"},"timestamp":"2023-09-10 23:54:17"}
{"level":"info","message":{"body":{"id":"ba7413f7-369d-4d80-b4bb-e2a63284aae5"},"method":"POST","params":"","query":"","url":"/api/investment/getById"},"timestamp":"2023-09-10 23:54:24"}
{"level":"info","message":{"body":{"id":"ba7413f7-369d-4d80-b4bb-e2a63284aae5"},"method":"POST","params":"","query":"","url":"/api/investment/getById"},"timestamp":"2023-09-10 23:54:24"}
{"level":"info","message":{"body":"","method":"GET","params":{},"query":{},"url":"/api/investment/getAll"},"timestamp":"2023-09-10 23:54:42"}
{"level":"info","message":{"body":"","method":"GET","params":{},"query":{},"url":"/api/investment/getAll"},"timestamp":"2023-09-10 23:54:42"}
{"level":"info","message":{"body":"","method":"GET","params":{},"query":{},"url":"/api/investment/getAll"},"timestamp":"2023-09-10 23:54:43"}
{"level":"info","message":{"body":"","method":"GET","params":{},"query":{},"url":"/api/investment/getAll"},"timestamp":"2023-09-10 23:55:47"}
{"level":"info","message":{"body":"","method":"GET","params":{},"query":{},"url":"/api/investment/getAll"},"timestamp":"2023-09-10 23:55:54"}
{"level":"info","message":{"body":"","method":"GET","params":{},"query":{},"url":"/api/investment/getAll"},"timestamp":"2023-09-10 23:55:54"}
{"level":"info","message":{"body":"","method":"GET","params":{},"query":{},"url":"/api/investment/getAll"},"timestamp":"2023-09-10 23:56:13"}
{"level":"info","message":{"body":"","method":"GET","params":{},"query":{},"url":"/api/investment/getAll"},"timestamp":"2023-09-10 23:56:15"}
{"level":"info","message":{"body":"","method":"GET","params":{},"query":{},"url":"/api/investment/getAll"},"timestamp":"2023-09-10 23:56:15"}
{"level":"info","message":{"body":"","method":"GET","params":{},"query":{},"url":"/api/investment/getAll"},"timestamp":"2023-09-10 23:56:32"}
{"level":"info","message":{"body":"","method":"GET","params":{},"query":{},"url":"/api/investment/getAll"},"timestamp":"2023-09-10 23:56:34"}
{"level":"info","message":{"body":"","method":"GET","params":{},"query":{},"url":"/api/investment/getAll"},"timestamp":"2023-09-10 23:56:34"}
{"level":"info","message":{"body":"","method":"GET","params":{},"query":{},"url":"/api/investment/getAll"},"timestamp":"2023-09-11 00:02:56"}
{"level":"info","message":{"body":"","method":"GET","params":{},"query":{},"url":"/api/investment/getAll"},"timestamp":"2023-09-11 00:02:56"}
{"level":"info","message":{"body":"","method":"GET","params":{},"query":{},"url":"/api/investment/getAll"},"timestamp":"2023-09-11 00:03:39"}
{"level":"info","message":{"body":"","method":"GET","params":{},"query":{},"url":"/api/investment/getAll"},"timestamp":"2023-09-11 00:03:40"}
{"level":"info","message":{"body":"","method":"GET","params":{},"query":{},"url":"/api/investment/getAll"},"timestamp":"2023-09-11 00:03:40"}
{"level":"info","message":{"body":"","method":"GET","params":{},"query":{},"url":"/api/proyect/getAll"},"timestamp":"2023-09-11 00:04:34"}
{"level":"info","message":{"body":"","method":"GET","params":{},"query":{},"url":"/api/proyect/getAll"},"timestamp":"2023-09-11 00:04:34"}
