{"level":"info","message":"API listening port 4603","timestamp":"2023-08-29 21:46:04"}
{"level":"info","message":"Connected to Database","timestamp":"2023-08-29 21:46:05"}
{"level":"info","message":{"body":"","method":"GET","params":{},"query":{},"url":"/api/investment/getAll"},"timestamp":"2023-08-29 21:56:16"}
{"level":"info","message":{"body":"","method":"GET","params":{},"query":{},"url":"/api/investment/getAll"},"timestamp":"2023-08-29 21:56:16"}
{"level":"info","message":{"body":"","method":"GET","params":{},"query":{},"url":"/api/investment/getAll"},"timestamp":"2023-08-29 21:56:46"}
{"level":"info","message":{"body":"","method":"GET","params":{},"query":{},"url":"/api/investment/getAll"},"timestamp":"2023-08-29 21:56:46"}
{"level":"info","message":{"body":"","method":"GET","params":{},"query":{},"url":"/api/person/getByDni/"},"timestamp":"2023-08-29 21:56:59"}
{"level":"info","message":{"body":"","method":"GET","params":{},"query":{},"url":"/api/person/getByDni/"},"timestamp":"2023-08-29 21:57:01"}
{"level":"info","message":{"body":"","method":"GET","params":{},"query":{},"url":"/api/investment/getAll"},"timestamp":"2023-08-29 21:57:04"}
{"level":"info","message":{"body":"","method":"GET","params":{},"query":{},"url":"/api/investment/getAll"},"timestamp":"2023-08-29 21:57:04"}
{"level":"info","message":{"body":"","method":"GET","params":{},"query":{},"url":"/api/investment/getAll"},"timestamp":"2023-08-29 21:57:31"}
{"level":"info","message":{"body":"","method":"GET","params":{},"query":{},"url":"/api/investment/getAll"},"timestamp":"2023-08-29 21:57:31"}
{"level":"info","message":{"body":{"id":"be2e2cc3-569a-4353-bf0e-193509c2828c"},"method":"POST","params":"","query":"","url":"/api/investment/getById"},"timestamp":"2023-08-29 21:57:34"}
{"level":"info","message":{"body":{"id":"be2e2cc3-569a-4353-bf0e-193509c2828c"},"method":"POST","params":"","query":"","url":"/api/investment/getById"},"timestamp":"2023-08-29 21:57:34"}
{"level":"info","message":{"body":"","method":"GET","params":{},"query":{},"url":"/api/person/getByDni/98563457-2"},"timestamp":"2023-08-29 21:58:47"}
{"level":"info","message":{"error":{"address":"Rock 567","dni":"98563457-2","email":"CeferinaTacuri@gmail.com","id":"c4e421a2-2167-432e-9a83-aca0da1cc8fd","maternallastname":"Tacury","name":"Ceferina Apolinaria","paternallastname":"Ramos","phone":"957902342"},"model":"person/getByDni"},"timestamp":"2023-08-29 21:58:47"}
{"level":"info","message":{"body":"","method":"GET","params":{},"query":{},"url":"/api/investment/getAll"},"timestamp":"2023-08-29 22:05:47"}
{"level":"info","message":{"body":"","method":"GET","params":{},"query":{},"url":"/api/investment/getAll"},"timestamp":"2023-08-29 22:05:47"}
{"level":"info","message":{"body":"","method":"GET","params":{},"query":{},"url":"/api/investment/getAll"},"timestamp":"2023-08-29 22:05:52"}
{"level":"info","message":{"body":"","method":"GET","params":{},"query":{},"url":"/api/investment/getAll"},"timestamp":"2023-08-29 22:05:52"}
{"level":"info","message":{"body":"","method":"GET","params":{},"query":{},"url":"/api/investment/getAll"},"timestamp":"2023-08-29 22:50:37"}
{"level":"info","message":{"body":"","method":"GET","params":{},"query":{},"url":"/api/investment/getAll"},"timestamp":"2023-08-29 22:50:37"}
{"level":"info","message":{"body":{"id":"be2e2cc3-569a-4353-bf0e-193509c2828c"},"method":"POST","params":"","query":"","url":"/api/investment/getById"},"timestamp":"2023-08-29 22:50:38"}
{"level":"info","message":{"body":{"id":"be2e2cc3-569a-4353-bf0e-193509c2828c"},"method":"POST","params":"","query":"","url":"/api/investment/getById"},"timestamp":"2023-08-29 22:50:38"}
{"level":"info","message":{"body":"","method":"GET","params":{},"query":{},"url":"/api/investment/getAll"},"timestamp":"2023-08-29 22:52:53"}
{"level":"info","message":{"body":"","method":"GET","params":{},"query":{},"url":"/api/investment/getAll"},"timestamp":"2023-08-29 22:52:53"}
{"level":"info","message":{"body":{"id":"59f437ad-ba4c-4111-9190-84ac84e69bb1"},"method":"POST","params":"","query":"","url":"/api/investment/getById"},"timestamp":"2023-08-29 22:52:54"}
{"level":"info","message":{"body":{"id":"59f437ad-ba4c-4111-9190-84ac84e69bb1"},"method":"POST","params":"","query":"","url":"/api/investment/getById"},"timestamp":"2023-08-29 22:52:54"}
{"level":"info","message":{"body":"","method":"GET","params":{},"query":{},"url":"/api/person/getByDni/98563457-2"},"timestamp":"2023-08-29 22:58:02"}
{"level":"info","message":{"error":{"address":"Rock 567","dni":"98563457-2","email":"CeferinaTacuri@gmail.com","id":"c4e421a2-2167-432e-9a83-aca0da1cc8fd","maternallastname":"Tacury","name":"Ceferina Apolinaria","paternallastname":"Ramos","phone":"957902342"},"model":"person/getByDni"},"timestamp":"2023-08-29 22:58:02"}
{"level":"info","message":{"body":"","method":"GET","params":{},"query":{},"url":"/api/investment/getAll"},"timestamp":"2023-08-29 22:58:10"}
{"level":"info","message":{"body":"","method":"GET","params":{},"query":{},"url":"/api/investment/getAll"},"timestamp":"2023-08-29 22:58:10"}
{"level":"info","message":{"body":{"id":"59f437ad-ba4c-4111-9190-84ac84e69bb1"},"method":"POST","params":"","query":"","url":"/api/investment/getById"},"timestamp":"2023-08-29 23:05:43"}
{"level":"info","message":{"body":{"id":"59f437ad-ba4c-4111-9190-84ac84e69bb1"},"method":"POST","params":"","query":"","url":"/api/investment/getById"},"timestamp":"2023-08-29 23:05:43"}
{"level":"info","message":{"body":"","method":"GET","params":{},"query":{},"url":"/api/investment/getAll"},"timestamp":"2023-08-29 23:13:46"}
{"level":"info","message":{"body":"","method":"GET","params":{},"query":{},"url":"/api/investment/getAll"},"timestamp":"2023-08-29 23:13:46"}
{"level":"info","message":{"body":"","method":"GET","params":{},"query":{},"url":"/api/investment/getAll"},"timestamp":"2023-08-29 23:14:09"}
{"level":"info","message":{"body":"","method":"GET","params":{},"query":{},"url":"/api/investment/getAll"},"timestamp":"2023-08-29 23:14:09"}
{"level":"info","message":{"body":"","method":"GET","params":{},"query":{},"url":"/api/investment/getAll"},"timestamp":"2023-08-29 23:16:07"}
{"level":"info","message":{"body":"","method":"GET","params":{},"query":{},"url":"/api/investment/getAll"},"timestamp":"2023-08-29 23:16:07"}
{"level":"info","message":{"body":"","method":"GET","params":{},"query":{},"url":"/api/investment/getAll"},"timestamp":"2023-08-29 23:16:31"}
{"level":"info","message":{"body":"","method":"GET","params":{},"query":{},"url":"/api/investment/getAll"},"timestamp":"2023-08-29 23:16:31"}
{"level":"info","message":{"body":"","method":"GET","params":{},"query":{},"url":"/api/investment/getAll"},"timestamp":"2023-08-29 23:18:03"}
{"level":"info","message":{"body":"","method":"GET","params":{},"query":{},"url":"/api/investment/getAll"},"timestamp":"2023-08-29 23:18:03"}
{"level":"info","message":{"body":"","method":"GET","params":{},"query":{},"url":"/api/investment/getAll"},"timestamp":"2023-08-29 23:20:36"}
{"level":"info","message":{"body":"","method":"GET","params":{},"query":{},"url":"/api/investment/getAll"},"timestamp":"2023-08-29 23:20:36"}
{"level":"info","message":{"body":"","method":"GET","params":{},"query":{},"url":"/api/investment/getAll"},"timestamp":"2023-08-29 23:20:52"}
{"level":"info","message":{"body":"","method":"GET","params":{},"query":{},"url":"/api/investment/getAll"},"timestamp":"2023-08-29 23:22:47"}
{"level":"info","message":{"body":"","method":"GET","params":{},"query":{},"url":"/api/investment/getAll"},"timestamp":"2023-08-29 23:22:47"}
{"level":"info","message":{"body":{"id":"59f437ad-ba4c-4111-9190-84ac84e69bb1"},"method":"POST","params":"","query":"","url":"/api/investment/getById"},"timestamp":"2023-08-29 23:22:48"}
{"level":"info","message":{"body":{"id":"59f437ad-ba4c-4111-9190-84ac84e69bb1"},"method":"POST","params":"","query":"","url":"/api/investment/getById"},"timestamp":"2023-08-29 23:22:48"}
{"level":"info","message":{"body":"","method":"GET","params":{},"query":{},"url":"/api/investment/getAll"},"timestamp":"2023-08-29 23:23:43"}
{"level":"info","message":{"body":"","method":"GET","params":{},"query":{},"url":"/api/investment/getAll"},"timestamp":"2023-08-29 23:23:43"}
{"level":"info","message":{"body":"","method":"GET","params":{},"query":{},"url":"/api/person/getByDni/"},"timestamp":"2023-08-29 23:29:05"}
{"level":"info","message":{"body":"","method":"GET","params":{},"query":{},"url":"/api/person/getByDni/"},"timestamp":"2023-08-29 23:29:06"}
{"level":"info","message":{"body":"","method":"GET","params":{},"query":{},"url":"/api/investment/getAll"},"timestamp":"2023-08-29 23:29:37"}
{"level":"info","message":{"body":"","method":"GET","params":{},"query":{},"url":"/api/investment/getAll"},"timestamp":"2023-08-29 23:29:37"}
{"level":"info","message":{"body":"","method":"GET","params":{},"query":{},"url":"/api/investment/getAll"},"timestamp":"2023-08-29 23:38:24"}
{"level":"info","message":{"body":"","method":"GET","params":{},"query":{},"url":"/api/investment/getAll"},"timestamp":"2023-08-29 23:38:24"}
{"level":"info","message":"API listening port 4603","timestamp":"2023-08-30 00:00:40"}
{"level":"info","message":"Connected to Database","timestamp":"2023-08-30 00:00:40"}
{"level":"info","message":"API listening port 4603","timestamp":"2023-08-30 00:00:50"}
{"level":"info","message":"Connected to Database","timestamp":"2023-08-30 00:00:50"}
{"level":"info","message":"API listening port 4603","timestamp":"2023-08-30 00:01:27"}
{"level":"info","message":"Connected to Database","timestamp":"2023-08-30 00:01:27"}
{"level":"info","message":"API listening port 4603","timestamp":"2023-08-30 00:01:56"}
{"level":"info","message":"Connected to Database","timestamp":"2023-08-30 00:01:56"}
{"level":"info","message":"API listening port 4603","timestamp":"2023-08-30 00:02:09"}
{"level":"info","message":"Connected to Database","timestamp":"2023-08-30 00:02:09"}
{"level":"info","message":"API listening port 4603","timestamp":"2023-08-30 00:02:58"}
{"level":"info","message":"Connected to Database","timestamp":"2023-08-30 00:02:58"}
{"level":"info","message":"API listening port 4603","timestamp":"2023-08-30 00:08:23"}
{"level":"info","message":"Connected to Database","timestamp":"2023-08-30 00:08:23"}
{"level":"info","message":"API listening port 4603","timestamp":"2023-08-30 00:08:25"}
{"level":"info","message":"Connected to Database","timestamp":"2023-08-30 00:08:25"}
{"level":"info","message":"API listening port 4603","timestamp":"2023-08-30 00:10:08"}
{"level":"info","message":"Connected to Database","timestamp":"2023-08-30 00:10:08"}
{"level":"info","message":"API listening port 4603","timestamp":"2023-08-30 00:10:26"}
{"level":"info","message":"Connected to Database","timestamp":"2023-08-30 00:10:26"}
{"level":"info","message":"API listening port 4603","timestamp":"2023-08-30 00:10:37"}
{"level":"info","message":"Connected to Database","timestamp":"2023-08-30 00:10:37"}
{"level":"info","message":"API listening port 4603","timestamp":"2023-08-30 00:11:19"}
{"level":"info","message":"Connected to Database","timestamp":"2023-08-30 00:11:19"}
{"level":"info","message":"API listening port 4603","timestamp":"2023-08-30 00:13:44"}
{"level":"info","message":"Connected to Database","timestamp":"2023-08-30 00:13:44"}
{"level":"info","message":"API listening port 4603","timestamp":"2023-08-30 00:39:18"}
{"level":"info","message":"Connected to Database","timestamp":"2023-08-30 00:39:18"}
{"level":"info","message":"API listening port 4603","timestamp":"2023-08-30 00:41:16"}
{"level":"info","message":"Connected to Database","timestamp":"2023-08-30 00:41:16"}
{"level":"info","message":"API listening port 4603","timestamp":"2023-08-30 00:43:02"}
{"level":"info","message":"Connected to Database","timestamp":"2023-08-30 00:43:02"}
