{"level":"info","message":"API listening port 4603","timestamp":"2023-09-24 23:32:41"}
{"level":"info","message":"Connected to Database","timestamp":"2023-09-24 23:32:42"}
{"level":"info","message":{"body":{"email":"quispeabadquispe@gmail.com","password":"kallpa"},"method":"POST","params":"","query":"","url":"/user/validate"},"timestamp":"2023-09-24 23:33:57"}
{"level":"info","message":{"body":"","method":"GET","params":{},"query":{},"url":"/investment/getAll"},"timestamp":"2023-09-24 23:33:59"}
{"level":"info","message":{"body":"","method":"GET","params":{},"query":{},"url":"/investment/getAll"},"timestamp":"2023-09-24 23:33:59"}
{"level":"info","message":{"body":"","method":"GET","params":{},"query":{},"url":"/proyect/getAll"},"timestamp":"2023-09-24 23:34:02"}
{"level":"info","message":{"body":"","method":"GET","params":{},"query":{},"url":"/proyect/getAll"},"timestamp":"2023-09-24 23:34:02"}
{"level":"info","message":"API listening port 4603","timestamp":"2023-09-24 23:54:27"}
{"level":"info","message":"Connected to Database","timestamp":"2023-09-24 23:54:28"}
{"level":"info","message":"API listening port 4603","timestamp":"2023-09-25 00:00:08"}
{"level":"info","message":"Connected to Database","timestamp":"2023-09-25 00:00:11"}
{"level":"info","message":{"body":{"invertor":{"address":"Condor11","dni":"93003173-9","email":"kallpa@gmail.com","maternallastname":"CACERES","name":"ALONSO MACARIO ","paternallastname":"PERALTA ","phone":"965874123"},"investment":{"amount":11000,"enddate":"04/01/2024","interests":2200,"monthpay":"ENERO","months":"12","proyect":"Tarpuy","registrationdate":"04/01/2023","retention":110,"returnpercentage":"20","subtotal":13200,"total":13090}},"method":"POST","params":"","query":"","url":"/investment/create"},"timestamp":"2023-09-25 00:00:11"}
{"level":"info","message":{"error":{"address":"Condor11","dni":"93003173-9","email":"kallpa@gmail.com","id":"dfbc7a5f-a4b8-4bb7-aa19-738aada8ac6d","maternallastname":"CACERES","name":"ALONSO MACARIO ","paternallastname":"PERALTA ","phone":"965874123"},"model":"person/create"},"timestamp":"2023-09-25 00:00:11"}
{"level":"info","message":{"error":{"amount":"11000","enddate":"04/01/2024","id":"625c09c5-e6ad-408c-a4ef-3f3866799641","interests":"2200","monthpay":"ENERO","months":"12","proyect":"Tarpuy","registrationdate":"04/01/2023","retention":"110","returnpercentage":"20","state":"Vigente","subtotal":"13200","total":"13090"},"model":"person/create"},"timestamp":"2023-09-25 00:00:11"}
{"level":"info","message":{"body":"","method":"GET","params":{},"query":{},"url":"/investment/getAll"},"timestamp":"2023-09-25 00:00:17"}
{"level":"info","message":{"body":"","method":"GET","params":{},"query":{},"url":"/investment/getAll"},"timestamp":"2023-09-25 00:00:18"}
{"level":"info","message":{"body":"","method":"GET","params":{},"query":{},"url":"/proyect/getAll"},"timestamp":"2023-09-25 00:01:03"}
{"level":"info","message":{"body":"","method":"GET","params":{},"query":{},"url":"/proyect/getAll"},"timestamp":"2023-09-25 00:01:04"}
{"level":"info","message":{"body":"","method":"GET","params":{},"query":{},"url":"/person/getByDni/93003173-9"},"timestamp":"2023-09-25 00:01:06"}
{"level":"info","message":{"error":{"address":"Condor11","dni":"93003173-9","email":"kallpa@gmail.com","id":"dfbc7a5f-a4b8-4bb7-aa19-738aada8ac6d","maternallastname":"CACERES","name":"ALONSO MACARIO ","paternallastname":"PERALTA ","phone":"965874123"},"model":"person/getByDni"},"timestamp":"2023-09-25 00:01:06"}
{"level":"info","message":"API listening port 4603","timestamp":"2023-09-25 00:02:49"}
{"level":"info","message":"Connected to Database","timestamp":"2023-09-25 00:02:50"}
{"level":"info","message":{"body":{"invertor":{"address":"Condor11","dni":"93003173-9","email":"kallpa@gmail.com","maternallastname":"CACERES","name":"ALONSO MACARIO ","paternallastname":"PERALTA ","phone":"965874123"},"investment":{"amount":26880,"enddate":"13/09/2023","interests":8064,"monthpay":"SEPTIEMBRE","months":"12","proyect":"Tarpuy","registrationdate":"13/09/2022","retention":403.2,"returnpercentage":"30","subtotal":34944,"total":34540.8}},"method":"POST","params":"","query":"","url":"/investment/create"},"timestamp":"2023-09-25 00:02:51"}
{"level":"info","message":{"error":{"address":"Condor11","dni":"93003173-9","email":"kallpa@gmail.com","id":"dfbc7a5f-a4b8-4bb7-aa19-738aada8ac6d","maternallastname":"CACERES","name":"ALONSO MACARIO ","paternallastname":"PERALTA ","phone":"965874123"},"model":"person/create"},"timestamp":"2023-09-25 00:02:51"}
{"level":"info","message":{"error":{"amount":"26880","enddate":"13/09/2023","id":"38a93bbb-2d8a-4079-8c3c-cc918d9cbedd","interests":"8064","monthpay":"SEPTIEMBRE","months":"12","proyect":"Tarpuy","registrationdate":"13/09/2022","retention":"403.2","returnpercentage":"30","state":"Vigente","subtotal":"34944","total":"34540.8"},"model":"person/create"},"timestamp":"2023-09-25 00:02:51"}
{"level":"info","message":{"body":"","method":"GET","params":{},"query":{},"url":"/investment/getAll"},"timestamp":"2023-09-25 00:03:01"}
{"level":"info","message":{"body":"","method":"GET","params":{},"query":{},"url":"/investment/getAll"},"timestamp":"2023-09-25 00:03:01"}
{"level":"info","message":{"body":"","method":"GET","params":{},"query":{},"url":"/user/getAll"},"timestamp":"2023-09-25 00:03:21"}
{"level":"info","message":{"body":"","method":"GET","params":{},"query":{},"url":"/user/getAll"},"timestamp":"2023-09-25 00:03:22"}
{"level":"info","message":{"body":{"state":"Vendedor","userId":"d3c818f2-fc7b-4d4d-9812-84e54da8a4b9"},"method":"POST","params":"","query":"","url":"/user/updateState"},"timestamp":"2023-09-25 00:03:41"}
{"level":"info","message":{"body":{"address":"rivas 820","dni":"27.648.009-K","email":"quispeabadquispe@gmail.com","maternallastname":"Haumani","name":"Abad","paternallastname":"Quispe","phone":"963257415"},"method":"POST","params":"","query":"","url":"/person/create"},"timestamp":"2023-09-25 00:03:46"}
{"level":"info","message":{"error":{"address":"rivas 820","dni":"27.648.009-K","email":"quispeabadquispe@gmail.com","id":"f8379224-b502-4c3d-a731-ef430b4504f9","maternallastname":"Haumani","name":"Abad","paternallastname":"Quispe","phone":"963257415"},"model":"person/create"},"timestamp":"2023-09-25 00:03:46"}
{"level":"info","message":{"body":"","method":"GET","params":{},"query":{},"url":"/investment/getAll"},"timestamp":"2023-09-25 00:03:49"}
{"level":"info","message":{"body":"","method":"GET","params":{},"query":{},"url":"/investment/getAll"},"timestamp":"2023-09-25 00:03:49"}
{"level":"info","message":{"body":{"email":"quispeabadquispe@gmail.com","password":"kallpa"},"method":"POST","params":"","query":"","url":"/user/validate"},"timestamp":"2023-09-25 00:04:01"}
{"level":"info","message":{"body":"","method":"GET","params":{},"query":{},"url":"/investment/getAll"},"timestamp":"2023-09-25 00:04:02"}
{"level":"info","message":{"body":"","method":"GET","params":{},"query":{},"url":"/investment/getAll"},"timestamp":"2023-09-25 00:04:02"}
{"level":"info","message":{"body":"","method":"GET","params":{},"query":{},"url":"/user/getAll"},"timestamp":"2023-09-25 00:04:04"}
{"level":"info","message":{"body":"","method":"GET","params":{},"query":{},"url":"/user/getAll"},"timestamp":"2023-09-25 00:04:04"}
{"level":"info","message":{"body":"","method":"GET","params":{},"query":{},"url":"/investment/getAll"},"timestamp":"2023-09-25 00:04:11"}
{"level":"info","message":{"body":"","method":"GET","params":{},"query":{},"url":"/investment/getAll"},"timestamp":"2023-09-25 00:04:11"}
{"level":"info","message":{"body":{"id":"38a93bbb-2d8a-4079-8c3c-cc918d9cbedd"},"method":"POST","params":"","query":"","url":"/investment/getById"},"timestamp":"2023-09-25 00:04:30"}
{"level":"info","message":{"body":{"id":"38a93bbb-2d8a-4079-8c3c-cc918d9cbedd"},"method":"POST","params":"","query":"","url":"/investment/getById"},"timestamp":"2023-09-25 00:04:30"}
{"level":"info","message":{"body":"","method":"GET","params":{},"query":{},"url":"/investment/getAll"},"timestamp":"2023-09-25 00:04:34"}
{"level":"error","message":{"error":"Connection terminated unexpectedly","model":"investmentDetail/create"},"timestamp":"2023-09-25 00:04:34"}
{"level":"info","message":{"body":"","method":"GET","params":{},"query":{},"url":"/investment/getAll"},"timestamp":"2023-09-25 00:04:34"}
{"level":"info","message":{"body":{"id":"38a93bbb-2d8a-4079-8c3c-cc918d9cbedd"},"method":"POST","params":"","query":"","url":"/investment/getById"},"timestamp":"2023-09-25 00:04:35"}
{"level":"info","message":{"body":{"id":"38a93bbb-2d8a-4079-8c3c-cc918d9cbedd"},"method":"POST","params":"","query":"","url":"/investment/getById"},"timestamp":"2023-09-25 00:04:36"}
{"level":"info","message":{"body":"","method":"GET","params":{},"query":{},"url":"/proyect/getAll"},"timestamp":"2023-09-25 00:05:11"}
{"level":"info","message":{"body":"","method":"GET","params":{},"query":{},"url":"/proyect/getAll"},"timestamp":"2023-09-25 00:05:12"}
{"level":"info","message":{"body":"","method":"GET","params":{},"query":{},"url":"/person/getByDni/CRISTOBAL%20OCORURO%20FLORES"},"timestamp":"2023-09-25 00:05:14"}
{"level":"info","message":{"error":null,"model":"person/getByDni"},"timestamp":"2023-09-25 00:05:14"}
{"level":"info","message":{"body":"","method":"GET","params":{},"query":{},"url":"/person/getByDni/CRISTOBAL%20OCORURO%20FLORES"},"timestamp":"2023-09-25 00:05:15"}
{"level":"info","message":{"error":null,"model":"person/getByDni"},"timestamp":"2023-09-25 00:05:16"}
{"level":"info","message":{"body":"","method":"GET","params":{},"query":{},"url":"/person/getByDni/96772705-9"},"timestamp":"2023-09-25 00:05:19"}
{"level":"info","message":{"error":null,"model":"person/getByDni"},"timestamp":"2023-09-25 00:05:19"}
{"level":"info","message":{"body":{"invertor":{"address":"condor117","dni":"96772705-9","email":"kallpa@gmail.com","maternallastname":" FLORES","name":"CRISTOBAL","paternallastname":"OCORURO","phone":"965874123"},"investment":{"amount":84630,"enddate":"18/05/2023","interests":25389,"monthpay":"MAYO","months":"12","proyect":"Sabandia","registrationdate":"18/05/2022","retention":1269.45,"returnpercentage":"30","subtotal":110019,"total":108749.55}},"method":"POST","params":"","query":"","url":"/investment/create"},"timestamp":"2023-09-25 00:06:35"}
{"level":"info","message":{"error":{"address":"condor117","dni":"96772705-9","email":"kallpa@gmail.com","id":"6b610067-bffc-46d8-acf6-e7bcf5248489","maternallastname":" FLORES","name":"CRISTOBAL","paternallastname":"OCORURO","phone":"965874123"},"model":"person/create"},"timestamp":"2023-09-25 00:06:36"}
{"level":"info","message":"API listening port 4603","timestamp":"2023-09-25 00:06:41"}
{"level":"info","message":"Connected to Database","timestamp":"2023-09-25 00:06:42"}
{"level":"info","message":{"body":{"invertor":{"address":"condor117","dni":"96772705-9","email":"kallpa@gmail.com","maternallastname":" FLORES","name":"CRISTOBAL","paternallastname":"OCORURO","phone":"965874123"},"investment":{"amount":84630,"enddate":"18/05/2023","interests":25389,"monthpay":"MAYO","months":"12","proyect":"Sabandia","registrationdate":"18/05/2022","retention":1269.45,"returnpercentage":"30","subtotal":110019,"total":108749.55}},"method":"POST","params":"","query":"","url":"/investment/create"},"timestamp":"2023-09-25 00:06:44"}
{"level":"info","message":{"error":{"address":"condor117","dni":"96772705-9","email":"kallpa@gmail.com","id":"6b610067-bffc-46d8-acf6-e7bcf5248489","maternallastname":" FLORES","name":"CRISTOBAL","paternallastname":"OCORURO","phone":"965874123"},"model":"person/create"},"timestamp":"2023-09-25 00:06:45"}
{"level":"info","message":{"error":{"amount":"84630","enddate":"18/05/2023","id":"e69abc43-9455-4414-92c6-0024a9bacb9b","interests":"25389","monthpay":"MAYO","months":"12","proyect":"Sabandia","registrationdate":"18/05/2022","retention":"1269.45","returnpercentage":"30","state":"Vigente","subtotal":"110019","total":"108749.55"},"model":"person/create"},"timestamp":"2023-09-25 00:06:45"}
{"level":"info","message":{"body":"","method":"GET","params":{},"query":{},"url":"/proyect/getAll"},"timestamp":"2023-09-25 00:06:52"}
{"level":"info","message":{"body":"","method":"GET","params":{},"query":{},"url":"/investment/getAll"},"timestamp":"2023-09-25 00:06:54"}
{"level":"info","message":{"body":"","method":"GET","params":{},"query":{},"url":"/investment/getAll"},"timestamp":"2023-09-25 00:06:55"}
{"level":"info","message":{"body":"","method":"GET","params":{},"query":{},"url":"/proyect/getAll"},"timestamp":"2023-09-25 00:07:00"}
{"level":"error","message":{"error":"Connection terminated unexpectedly","model":"proyect/getAll"},"timestamp":"2023-09-25 00:07:00"}
{"level":"info","message":{"body":"","method":"GET","params":{},"query":{},"url":"/proyect/getAll"},"timestamp":"2023-09-25 00:07:00"}
{"level":"info","message":{"body":"","method":"GET","params":{},"query":{},"url":"/person/getByDni/96772705-9"},"timestamp":"2023-09-25 00:07:09"}
{"level":"info","message":{"error":{"address":"condor117","dni":"96772705-9","email":"kallpa@gmail.com","id":"6b610067-bffc-46d8-acf6-e7bcf5248489","maternallastname":" FLORES","name":"CRISTOBAL","paternallastname":"OCORURO","phone":"965874123"},"model":"person/getByDni"},"timestamp":"2023-09-25 00:07:09"}
{"level":"info","message":{"body":{"invertor":{"address":"condor117","dni":"96772705-9","email":"kallpa@gmail.com","maternallastname":" FLORES","name":"CRISTOBAL","paternallastname":"OCORURO","phone":"965874123"},"investment":{"amount":15000,"enddate":"18/05/2023","interests":4500,"monthpay":"MAYO","months":"12","proyect":"Sabandia","registrationdate":"18/05/2022","retention":225,"returnpercentage":"30","subtotal":19500,"total":19275}},"method":"POST","params":"","query":"","url":"/investment/create"},"timestamp":"2023-09-25 00:08:03"}
{"level":"info","message":{"error":{"address":"condor117","dni":"96772705-9","email":"kallpa@gmail.com","id":"6b610067-bffc-46d8-acf6-e7bcf5248489","maternallastname":" FLORES","name":"CRISTOBAL","paternallastname":"OCORURO","phone":"965874123"},"model":"person/create"},"timestamp":"2023-09-25 00:08:04"}
{"level":"info","message":{"error":{"amount":"15000","enddate":"18/05/2023","id":"ee52ca21-6410-4820-ae82-13277f12ab3d","interests":"4500","monthpay":"MAYO","months":"12","proyect":"Sabandia","registrationdate":"18/05/2022","retention":"225","returnpercentage":"30","state":"Vigente","subtotal":"19500","total":"19275"},"model":"person/create"},"timestamp":"2023-09-25 00:08:04"}
{"level":"info","message":{"body":"","method":"GET","params":{},"query":{},"url":"/proyect/getAll"},"timestamp":"2023-09-25 00:08:15"}
{"level":"info","message":{"body":"","method":"GET","params":{},"query":{},"url":"/investment/getAll"},"timestamp":"2023-09-25 00:08:19"}
{"level":"info","message":{"body":"","method":"GET","params":{},"query":{},"url":"/investment/getAll"},"timestamp":"2023-09-25 00:08:19"}
{"level":"info","message":{"body":"","method":"GET","params":{},"query":{},"url":"/proyect/getAll"},"timestamp":"2023-09-25 00:08:25"}
{"level":"info","message":{"body":"","method":"GET","params":{},"query":{},"url":"/proyect/getAll"},"timestamp":"2023-09-25 00:08:25"}
{"level":"info","message":{"body":"","method":"GET","params":{},"query":{},"url":"/person/getByDni/92648497-4"},"timestamp":"2023-09-25 00:08:44"}
{"level":"info","message":{"error":null,"model":"person/getByDni"},"timestamp":"2023-09-25 00:08:45"}
{"level":"info","message":{"body":"","method":"GET","params":{},"query":{},"url":"/person/getByDni/92648497-4"},"timestamp":"2023-09-25 00:08:47"}
{"level":"info","message":{"error":null,"model":"person/getByDni"},"timestamp":"2023-09-25 00:08:47"}
{"level":"info","message":{"body":"","method":"GET","params":{},"query":{},"url":"/person/getByDni/92648497-4"},"timestamp":"2023-09-25 00:08:53"}
{"level":"info","message":{"error":null,"model":"person/getByDni"},"timestamp":"2023-09-25 00:08:54"}
{"level":"info","message":{"body":{"invertor":{"address":"condor117","dni":"92648497-4","email":"kallpa@gmail.com","maternallastname":"MARIN","name":"KAROL FATIMA ","paternallastname":"PIZARRO ","phone":"965874123"},"investment":{"amount":10000,"enddate":"14/05/2022","interests":2000,"monthpay":"MAYO","months":"12","proyect":"Tarpuy","registrationdate":"14/05/2021","retention":100,"returnpercentage":"20","subtotal":12000,"total":11900}},"method":"POST","params":"","query":"","url":"/investment/create"},"timestamp":"2023-09-25 00:10:36"}
{"level":"info","message":{"error":{"address":"condor117","dni":"92648497-4","email":"kallpa@gmail.com","id":"5553c24b-ac1a-4178-b98c-6a19389e3306","maternallastname":"MARIN","name":"KAROL FATIMA ","paternallastname":"PIZARRO ","phone":"965874123"},"model":"person/create"},"timestamp":"2023-09-25 00:10:37"}
{"level":"info","message":{"error":{"amount":"10000","enddate":"14/05/2022","id":"7c3de9cb-965b-44db-a09c-079e04dd7317","interests":"2000","monthpay":"MAYO","months":"12","proyect":"Tarpuy","registrationdate":"14/05/2021","retention":"100","returnpercentage":"20","state":"Vigente","subtotal":"12000","total":"11900"},"model":"person/create"},"timestamp":"2023-09-25 00:10:37"}
{"level":"info","message":{"body":"","method":"GET","params":{},"query":{},"url":"/investment/getAll"},"timestamp":"2023-09-25 00:10:39"}
{"level":"info","message":{"body":"","method":"GET","params":{},"query":{},"url":"/investment/getAll"},"timestamp":"2023-09-25 00:10:40"}
{"level":"info","message":{"body":"","method":"GET","params":{},"query":{},"url":"/proyect/getAll"},"timestamp":"2023-09-25 00:10:58"}
{"level":"info","message":{"body":"","method":"GET","params":{},"query":{},"url":"/proyect/getAll"},"timestamp":"2023-09-25 00:10:59"}
{"level":"info","message":{"body":"","method":"GET","params":{},"query":{},"url":"/person/getByDni/98027072-6"},"timestamp":"2023-09-25 00:11:00"}
{"level":"info","message":{"error":null,"model":"person/getByDni"},"timestamp":"2023-09-25 00:11:00"}
{"level":"info","message":{"body":{"invertor":{"address":"Condor117","dni":"98027072-6","email":"kallpa@gmail.com","maternallastname":" TACURI","name":"CEFERINA APOLINARIA","paternallastname":"RAMOS","phone":"957902342"},"investment":{"amount":60000,"enddate":"06/07/2024","interests":12000,"monthpay":"JULIO","months":"12","proyect":"Sabandia","registrationdate":"06/07/2023","retention":600,"returnpercentage":"20","subtotal":72000,"total":71400}},"method":"POST","params":"","query":"","url":"/investment/create"},"timestamp":"2023-09-25 00:11:51"}
{"level":"info","message":{"error":{"address":"Condor117","dni":"98027072-6","email":"kallpa@gmail.com","id":"54393cf0-8d36-4b8b-b485-5aa06f242993","maternallastname":" TACURI","name":"CEFERINA APOLINARIA","paternallastname":"RAMOS","phone":"957902342"},"model":"person/create"},"timestamp":"2023-09-25 00:11:52"}
{"level":"info","message":{"error":{"amount":"60000","enddate":"06/07/2024","id":"4bcb936a-d22f-4e34-8abe-820554bae98b","interests":"12000","monthpay":"JULIO","months":"12","proyect":"Sabandia","registrationdate":"06/07/2023","retention":"600","returnpercentage":"20","state":"Vigente","subtotal":"72000","total":"71400"},"model":"person/create"},"timestamp":"2023-09-25 00:11:52"}
{"level":"info","message":"API listening port 4603","timestamp":"2023-09-25 00:12:50"}
{"level":"info","message":"API listening port 4603","timestamp":"2023-09-25 00:12:56"}
{"level":"info","message":{"body":"","method":"GET","params":{},"query":{},"url":"/investment/getAll"},"timestamp":"2023-09-25 00:12:58"}
{"level":"info","message":{"body":"","method":"GET","params":{},"query":{},"url":"/investment/getAll"},"timestamp":"2023-09-25 00:12:58"}
{"level":"info","message":"Connected to Database","timestamp":"2023-09-25 00:13:02"}
{"level":"info","message":{"body":"","method":"GET","params":{},"query":{},"url":"/proyect/getAll"},"timestamp":"2023-09-25 00:13:21"}
{"level":"info","message":{"body":"","method":"GET","params":{},"query":{},"url":"/proyect/getAll"},"timestamp":"2023-09-25 00:13:22"}
{"level":"info","message":{"body":"","method":"GET","params":{},"query":{},"url":"/person/getByDni/94037161-9"},"timestamp":"2023-09-25 00:13:22"}
{"level":"info","message":{"data":null,"model":"person/getByDni"},"timestamp":"2023-09-25 00:13:22"}
{"level":"info","message":"API listening port 4603","timestamp":"2023-09-25 00:14:11"}
{"level":"info","message":"Connected to Database","timestamp":"2023-09-25 00:14:12"}
{"level":"info","message":{"body":{"invertor":{"address":"Condor117","dni":"94037161-9","email":"kallpa@gmail.com","maternallastname":"TACURI","name":"VERCELLI LIDIA","paternallastname":"RAMOS ","phone":"957902342"},"investment":{"amount":60000,"enddate":"06/07/2024","interests":12000,"monthpay":"JULIO","months":"12","proyect":"Tarpuy","registrationdate":"06/07/2023","retention":600,"returnpercentage":"20","subtotal":72000,"total":71400}},"method":"POST","params":"","query":"","url":"/investment/create"},"timestamp":"2023-09-25 00:14:16"}
{"level":"info","message":{"error":{"address":"Condor117","dni":"94037161-9","email":"kallpa@gmail.com","id":"7c31688d-17b6-4bd9-b670-3009e86cb2bb","maternallastname":"TACURI","name":"VERCELLI LIDIA","paternallastname":"RAMOS ","phone":"957902342"},"model":"person/create"},"timestamp":"2023-09-25 00:14:16"}
{"level":"info","message":{"error":{"amount":"60000","enddate":"06/07/2024","id":"d0e80425-69ee-4334-a897-e599d489b35b","interests":"12000","monthpay":"JULIO","months":"12","proyect":"Tarpuy","registrationdate":"06/07/2023","retention":"600","returnpercentage":"20","state":"Vigente","subtotal":"72000","total":"71400"},"model":"person/create"},"timestamp":"2023-09-25 00:14:16"}
{"level":"info","message":{"body":"","method":"GET","params":{},"query":{},"url":"/investment/getAll"},"timestamp":"2023-09-25 00:14:20"}
{"level":"info","message":{"body":"","method":"GET","params":{},"query":{},"url":"/investment/getAll"},"timestamp":"2023-09-25 00:14:20"}
{"level":"info","message":{"body":"","method":"GET","params":{},"query":{},"url":"/proyect/getAll"},"timestamp":"2023-09-25 00:14:25"}
{"level":"info","message":{"body":"","method":"GET","params":{},"query":{},"url":"/proyect/getAll"},"timestamp":"2023-09-25 00:14:25"}
{"level":"info","message":{"body":"","method":"GET","params":{},"query":{},"url":"/person/getByDni/90428086-0"},"timestamp":"2023-09-25 00:14:48"}
{"level":"info","message":{"data":null,"model":"person/getByDni"},"timestamp":"2023-09-25 00:14:49"}
{"level":"info","message":{"body":{"invertor":{"address":"Condor117","dni":"90428086-0","email":"kallpa@gmail.com","maternallastname":"DIAZ","name":"JUAN GABRIEL","paternallastname":"DURAN","phone":"957902342"},"investment":{"amount":30000,"enddate":"06/03/2023","interests":4500,"monthpay":"MARZO","months":"6","proyect":"Tarpuy","registrationdate":"06/09/2022","retention":225,"returnpercentage":"15","subtotal":34500,"total":34275}},"method":"POST","params":"","query":"","url":"/investment/create"},"timestamp":"2023-09-25 00:15:36"}
{"level":"info","message":{"error":{"address":"Condor117","dni":"90428086-0","email":"kallpa@gmail.com","id":"96992277-6786-4450-871d-01249deca24c","maternallastname":"DIAZ","name":"JUAN GABRIEL","paternallastname":"DURAN","phone":"957902342"},"model":"person/create"},"timestamp":"2023-09-25 00:15:37"}
{"level":"info","message":{"error":{"amount":"30000","enddate":"06/03/2023","id":"158f1072-5741-4f9a-a4da-ff00fa92c801","interests":"4500","monthpay":"MARZO","months":"6","proyect":"Tarpuy","registrationdate":"06/09/2022","retention":"225","returnpercentage":"15","state":"Vigente","subtotal":"34500","total":"34275"},"model":"person/create"},"timestamp":"2023-09-25 00:15:37"}
{"level":"info","message":{"body":"","method":"GET","params":{},"query":{},"url":"/investment/getAll"},"timestamp":"2023-09-25 00:15:49"}
{"level":"info","message":{"body":"","method":"GET","params":{},"query":{},"url":"/investment/getAll"},"timestamp":"2023-09-25 00:15:50"}
{"level":"info","message":{"body":"","method":"GET","params":{},"query":{},"url":"/proyect/getAll"},"timestamp":"2023-09-25 00:16:19"}
{"level":"info","message":{"body":"","method":"GET","params":{},"query":{},"url":"/proyect/getAll"},"timestamp":"2023-09-25 00:16:20"}
{"level":"info","message":{"body":"","method":"GET","params":{},"query":{},"url":"/person/getByDni/97614720-0"},"timestamp":"2023-09-25 00:16:21"}
{"level":"info","message":{"data":null,"model":"person/getByDni"},"timestamp":"2023-09-25 00:16:21"}
{"level":"info","message":{"body":{"invertor":{"address":"Condor117","dni":"97614720-0","email":"kallpa@gmail.com","maternallastname":" CHAMBI","name":"WHASHINGTON","paternallastname":"ORTIZ","phone":"957902342"},"investment":{"amount":15000,"enddate":"27/06/2023","interests":1800,"monthpay":"JUNIO","months":"6","proyect":"Tarpuy","registrationdate":"27/12/2022","retention":90,"returnpercentage":"12","subtotal":16800,"total":16710}},"method":"POST","params":"","query":"","url":"/investment/create"},"timestamp":"2023-09-25 00:17:07"}
{"level":"info","message":{"error":{"address":"Condor117","dni":"97614720-0","email":"kallpa@gmail.com","id":"ca9d1c31-ed66-4feb-8beb-908443522d84","maternallastname":" CHAMBI","name":"WHASHINGTON","paternallastname":"ORTIZ","phone":"957902342"},"model":"person/create"},"timestamp":"2023-09-25 00:17:13"}
{"level":"info","message":{"error":{"amount":"15000","enddate":"27/06/2023","id":"bdd97308-9ab0-4461-b10d-cb776eb49690","interests":"1800","monthpay":"JUNIO","months":"6","proyect":"Tarpuy","registrationdate":"27/12/2022","retention":"90","returnpercentage":"12","state":"Vigente","subtotal":"16800","total":"16710"},"model":"person/create"},"timestamp":"2023-09-25 00:17:13"}
{"level":"info","message":{"body":"","method":"GET","params":{},"query":{},"url":"/investment/getAll"},"timestamp":"2023-09-25 00:17:16"}
{"level":"info","message":{"body":"","method":"GET","params":{},"query":{},"url":"/investment/getAll"},"timestamp":"2023-09-25 00:17:16"}
{"level":"info","message":{"body":"","method":"GET","params":{},"query":{},"url":"/proyect/getAll"},"timestamp":"2023-09-25 00:17:35"}
{"level":"info","message":{"body":"","method":"GET","params":{},"query":{},"url":"/proyect/getAll"},"timestamp":"2023-09-25 00:17:36"}
{"level":"info","message":{"body":"","method":"GET","params":{},"query":{},"url":"/person/getByDni/91608508-7"},"timestamp":"2023-09-25 00:17:36"}
{"level":"info","message":{"data":null,"model":"person/getByDni"},"timestamp":"2023-09-25 00:17:36"}
{"level":"info","message":{"body":{"invertor":{"address":"Condor117","dni":"91608508-7","email":"kallpa@gmail.com","maternallastname":" CHAMBILLA","name":"ERENIO","paternallastname":"RAMOS","phone":"957902342"},"investment":{"amount":60000,"enddate":"03/12/2022","interests":12000,"monthpay":"DICIEMBRE","months":"12","proyect":"Tarpuy","registrationdate":"03/12/2021","retention":600,"returnpercentage":"20","subtotal":72000,"total":71400}},"method":"POST","params":"","query":"","url":"/investment/create"},"timestamp":"2023-09-25 00:18:15"}
{"level":"info","message":{"error":{"address":"Condor117","dni":"91608508-7","email":"kallpa@gmail.com","id":"b7ad09a8-ec92-4d24-8a4e-aa91735a8563","maternallastname":" CHAMBILLA","name":"ERENIO","paternallastname":"RAMOS","phone":"957902342"},"model":"person/create"},"timestamp":"2023-09-25 00:18:16"}
{"level":"info","message":{"error":{"amount":"60000","enddate":"03/12/2022","id":"db261f5c-e751-40d0-875e-bdf682fecc8f","interests":"12000","monthpay":"DICIEMBRE","months":"12","proyect":"Tarpuy","registrationdate":"03/12/2021","retention":"600","returnpercentage":"20","state":"Vigente","subtotal":"72000","total":"71400"},"model":"person/create"},"timestamp":"2023-09-25 00:18:16"}
{"level":"info","message":{"body":"","method":"GET","params":{},"query":{},"url":"/person/getByDni/91608508-7"},"timestamp":"2023-09-25 00:18:39"}
{"level":"info","message":{"data":{"address":"Condor117","dni":"91608508-7","email":"kallpa@gmail.com","id":"b7ad09a8-ec92-4d24-8a4e-aa91735a8563","maternallastname":" CHAMBILLA","name":"ERENIO","paternallastname":"RAMOS","phone":"957902342"},"model":"person/getByDni"},"timestamp":"2023-09-25 00:18:40"}
{"level":"info","message":{"body":"","method":"GET","params":{},"query":{},"url":"/person/getByDni/96400576-1"},"timestamp":"2023-09-25 00:18:42"}
{"level":"info","message":{"data":null,"model":"person/getByDni"},"timestamp":"2023-09-25 00:18:42"}
{"level":"info","message":{"body":{"invertor":{"address":"Condor117","dni":"96400576-1","email":"kallpa@gmail.com","maternallastname":"DEL CARPIO","name":"VANESA XIOMARA ","paternallastname":"LAUTA","phone":"957902342"},"investment":{"amount":65000,"enddate":"18/07/2023","interests":6500,"monthpay":"JULIO","months":"6","proyect":"Tarpuy","registrationdate":"18/01/2023","retention":325,"returnpercentage":"10","subtotal":71500,"total":71175}},"method":"POST","params":"","query":"","url":"/investment/create"},"timestamp":"2023-09-25 00:19:42"}
{"level":"info","message":{"error":{"address":"Condor117","dni":"96400576-1","email":"kallpa@gmail.com","id":"6857a14b-2710-45c1-8c98-dcdeff9aada2","maternallastname":"DEL CARPIO","name":"VANESA XIOMARA ","paternallastname":"LAUTA","phone":"957902342"},"model":"person/create"},"timestamp":"2023-09-25 00:19:43"}
{"level":"info","message":{"error":{"amount":"65000","enddate":"18/07/2023","id":"e39793eb-978c-4e61-9803-2ea501f7c6ba","interests":"6500","monthpay":"JULIO","months":"6","proyect":"Tarpuy","registrationdate":"18/01/2023","retention":"325","returnpercentage":"10","state":"Vigente","subtotal":"71500","total":"71175"},"model":"person/create"},"timestamp":"2023-09-25 00:19:43"}
{"level":"info","message":{"body":{"email":"quispeabadquispe@gmail.com","password":"kallpa"},"method":"POST","params":"","query":"","url":"/user/validate"},"timestamp":"2023-09-25 00:19:55"}
{"level":"info","message":{"body":"","method":"GET","params":{},"query":{},"url":"/investment/getAll"},"timestamp":"2023-09-25 00:19:56"}
{"level":"info","message":{"body":"","method":"GET","params":{},"query":{},"url":"/investment/getAll"},"timestamp":"2023-09-25 00:19:56"}
{"level":"info","message":{"body":"","method":"GET","params":{},"query":{},"url":"/proyect/getAll"},"timestamp":"2023-09-25 00:20:45"}
{"level":"info","message":{"body":"","method":"GET","params":{},"query":{},"url":"/proyect/getAll"},"timestamp":"2023-09-25 00:20:46"}
{"level":"info","message":{"body":"","method":"GET","params":{},"query":{},"url":"/person/getByDni/91902289-2"},"timestamp":"2023-09-25 00:20:47"}
{"level":"info","message":{"data":null,"model":"person/getByDni"},"timestamp":"2023-09-25 00:20:48"}
{"level":"info","message":{"body":"","method":"GET","params":{},"query":{},"url":"/person/getByDni/96400576-1"},"timestamp":"2023-09-25 00:20:55"}
{"level":"info","message":{"data":{"address":"Condor117","dni":"96400576-1","email":"kallpa@gmail.com","id":"6857a14b-2710-45c1-8c98-dcdeff9aada2","maternallastname":"DEL CARPIO","name":"VANESA XIOMARA ","paternallastname":"LAUTA","phone":"957902342"},"model":"person/getByDni"},"timestamp":"2023-09-25 00:20:55"}
{"level":"info","message":{"body":{"invertor":{"address":"Condor117","dni":"96400576-1","email":"kallpa@gmail.com","maternallastname":"DEL CARPIO","name":"VANESA XIOMARA ","paternallastname":"LAUTA","phone":"957902342"},"investment":{"amount":35000,"enddate":"26/08/2023","interests":7000,"monthpay":"AGOSTO","months":"12","proyect":"Tarpuy","registrationdate":"26/08/2022","retention":350,"returnpercentage":"20","subtotal":42000,"total":41650}},"method":"POST","params":"","query":"","url":"/investment/create"},"timestamp":"2023-09-25 00:21:29"}
{"level":"info","message":{"error":{"address":"Condor117","dni":"96400576-1","email":"kallpa@gmail.com","id":"6857a14b-2710-45c1-8c98-dcdeff9aada2","maternallastname":"DEL CARPIO","name":"VANESA XIOMARA ","paternallastname":"LAUTA","phone":"957902342"},"model":"person/create"},"timestamp":"2023-09-25 00:21:30"}
{"level":"info","message":{"error":{"amount":"35000","enddate":"26/08/2023","id":"90c69c2d-2df3-4e60-90d3-0f7b6e1cbd79","interests":"7000","monthpay":"AGOSTO","months":"12","proyect":"Tarpuy","registrationdate":"26/08/2022","retention":"350","returnpercentage":"20","state":"Vigente","subtotal":"42000","total":"41650"},"model":"person/create"},"timestamp":"2023-09-25 00:21:30"}
{"level":"info","message":{"body":"","method":"GET","params":{},"query":{},"url":"/investment/getAll"},"timestamp":"2023-09-25 00:21:31"}
{"level":"info","message":{"body":"","method":"GET","params":{},"query":{},"url":"/investment/getAll"},"timestamp":"2023-09-25 00:21:32"}
{"level":"info","message":{"body":"","method":"GET","params":{},"query":{},"url":"/proyect/getAll"},"timestamp":"2023-09-25 00:21:32"}
{"level":"info","message":{"body":"","method":"GET","params":{},"query":{},"url":"/proyect/getAll"},"timestamp":"2023-09-25 00:21:32"}
{"level":"info","message":{"body":"","method":"GET","params":{},"query":{},"url":"/person/getByDni/99905386-6"},"timestamp":"2023-09-25 00:21:50"}
{"level":"info","message":{"data":null,"model":"person/getByDni"},"timestamp":"2023-09-25 00:21:51"}
{"level":"info","message":{"body":{"invertor":{"address":"Condor117","dni":"99905386-6","email":"kallpa@gmail.com","maternallastname":"TEJADA","name":"MAGDALENA YAQUELIN","paternallastname":"AROTAYPE","phone":"957902342"},"investment":{"amount":36000,"enddate":"22/01/2024","interests":7200,"monthpay":"ENERO","months":"12","proyect":"Tarpuy","registrationdate":"22/01/2023","retention":360,"returnpercentage":"20","subtotal":43200,"total":42840}},"method":"POST","params":"","query":"","url":"/investment/create"},"timestamp":"2023-09-25 00:22:35"}
{"level":"info","message":{"error":{"address":"Condor117","dni":"99905386-6","email":"kallpa@gmail.com","id":"ad5c2b09-cefc-47d4-a2f4-81b71d94e23e","maternallastname":"TEJADA","name":"MAGDALENA YAQUELIN","paternallastname":"AROTAYPE","phone":"957902342"},"model":"person/create"},"timestamp":"2023-09-25 00:22:36"}
{"level":"info","message":{"error":{"amount":"36000","enddate":"22/01/2024","id":"f4b97f19-3a4d-4392-ac70-1ead0aa7bb6e","interests":"7200","monthpay":"ENERO","months":"12","proyect":"Tarpuy","registrationdate":"22/01/2023","retention":"360","returnpercentage":"20","state":"Vigente","subtotal":"43200","total":"42840"},"model":"person/create"},"timestamp":"2023-09-25 00:22:36"}
{"level":"info","message":{"body":"","method":"GET","params":{},"query":{},"url":"/investment/getAll"},"timestamp":"2023-09-25 00:22:40"}
{"level":"info","message":{"body":"","method":"GET","params":{},"query":{},"url":"/investment/getAll"},"timestamp":"2023-09-25 00:22:40"}
{"level":"info","message":{"body":"","method":"GET","params":{},"query":{},"url":"/proyect/getAll"},"timestamp":"2023-09-25 00:22:41"}
{"level":"info","message":{"body":"","method":"GET","params":{},"query":{},"url":"/proyect/getAll"},"timestamp":"2023-09-25 00:22:41"}
{"level":"info","message":{"body":"","method":"GET","params":{},"query":{},"url":"/person/getByDni/98088907-6"},"timestamp":"2023-09-25 00:22:44"}
{"level":"info","message":{"data":null,"model":"person/getByDni"},"timestamp":"2023-09-25 00:22:44"}
{"level":"info","message":{"body":"","method":"GET","params":{},"query":{},"url":"/person/getByDni/98088907-6"},"timestamp":"2023-09-25 00:22:57"}
{"level":"info","message":{"data":null,"model":"person/getByDni"},"timestamp":"2023-09-25 00:22:58"}
{"level":"info","message":{"body":{"invertor":{"address":"Condor117","dni":"98088907-6","email":"kallpa@gmail.com","maternallastname":"QUINO","name":"ROSMERY ELIDA","paternallastname":" BERRIO","phone":"957902342"},"investment":{"amount":60000,"enddate":"02/08/2023","interests":6000,"monthpay":"AGOSTO","months":"6","proyect":"Tarpuy","registrationdate":"02/02/2023","retention":300,"returnpercentage":"10","subtotal":66000,"total":65700}},"method":"POST","params":"","query":"","url":"/investment/create"},"timestamp":"2023-09-25 00:23:37"}
{"level":"info","message":{"error":{"address":"Condor117","dni":"98088907-6","email":"kallpa@gmail.com","id":"e32fadef-436c-4e0e-8194-0d6bca569c4b","maternallastname":"QUINO","name":"ROSMERY ELIDA","paternallastname":" BERRIO","phone":"957902342"},"model":"person/create"},"timestamp":"2023-09-25 00:23:38"}
{"level":"info","message":{"error":{"amount":"60000","enddate":"02/08/2023","id":"0db140d0-4396-4196-9e79-33940da065a5","interests":"6000","monthpay":"AGOSTO","months":"6","proyect":"Tarpuy","registrationdate":"02/02/2023","retention":"300","returnpercentage":"10","state":"Vigente","subtotal":"66000","total":"65700"},"model":"person/create"},"timestamp":"2023-09-25 00:23:39"}
{"level":"info","message":{"body":"","method":"GET","params":{},"query":{},"url":"/investment/getAll"},"timestamp":"2023-09-25 00:23:39"}
{"level":"info","message":{"body":"","method":"GET","params":{},"query":{},"url":"/investment/getAll"},"timestamp":"2023-09-25 00:23:40"}
{"level":"info","message":{"body":"","method":"GET","params":{},"query":{},"url":"/proyect/getAll"},"timestamp":"2023-09-25 00:23:41"}
{"level":"info","message":{"body":"","method":"GET","params":{},"query":{},"url":"/proyect/getAll"},"timestamp":"2023-09-25 00:23:41"}
{"level":"info","message":{"body":"","method":"GET","params":{},"query":{},"url":"/person/getByDni/90324023-7"},"timestamp":"2023-09-25 00:24:20"}
{"level":"info","message":{"data":null,"model":"person/getByDni"},"timestamp":"2023-09-25 00:24:21"}
{"level":"info","message":{"body":"","method":"GET","params":{},"query":{},"url":"/person/getByDni/90324023-7"},"timestamp":"2023-09-25 00:24:25"}
{"level":"info","message":{"data":null,"model":"person/getByDni"},"timestamp":"2023-09-25 00:24:25"}
{"level":"info","message":"API listening port 4603","timestamp":"2023-09-25 00:25:08"}
{"level":"info","message":"Connected to Database","timestamp":"2023-09-25 00:25:09"}
{"level":"info","message":{"body":{"invertor":{"address":"Condor117","dni":"90324023-7","email":"kallpa@gmail.com","maternallastname":" QUISPE","name":"DINA MARTINA","paternallastname":"CACERES","phone":"957902342"},"investment":{"amount":39000,"enddate":"01/08/2023","interests":3900,"monthpay":"AGOSTO","months":"6","proyect":"Tarpuy","registrationdate":"01/02/2023","retention":195,"returnpercentage":"10","subtotal":42900,"total":42705}},"method":"POST","params":"","query":"","url":"/investment/create"},"timestamp":"2023-09-25 00:25:11"}
{"level":"info","message":{"error":{"address":"Condor117","dni":"90324023-7","email":"kallpa@gmail.com","id":"58afc6af-4b07-41ed-bf4d-037b664377c4","maternallastname":" QUISPE","name":"DINA MARTINA","paternallastname":"CACERES","phone":"957902342"},"model":"person/create"},"timestamp":"2023-09-25 00:25:11"}
{"level":"info","message":{"error":{"amount":"39000","enddate":"01/08/2023","id":"be58e70f-b3e9-414c-a31c-689e95d3c22c","interests":"3900","monthpay":"AGOSTO","months":"6","proyect":"Tarpuy","registrationdate":"01/02/2023","retention":"195","returnpercentage":"10","state":"Vigente","subtotal":"42900","total":"42705"},"model":"person/create"},"timestamp":"2023-09-25 00:25:12"}
{"level":"info","message":{"body":"","method":"GET","params":{},"query":{},"url":"/investment/getAll"},"timestamp":"2023-09-25 00:25:14"}
{"level":"info","message":{"body":"","method":"GET","params":{},"query":{},"url":"/investment/getAll"},"timestamp":"2023-09-25 00:25:14"}
{"level":"info","message":{"body":"","method":"GET","params":{},"query":{},"url":"/proyect/getAll"},"timestamp":"2023-09-25 00:25:15"}
{"level":"info","message":{"body":"","method":"GET","params":{},"query":{},"url":"/proyect/getAll"},"timestamp":"2023-09-25 00:25:15"}
{"level":"info","message":{"body":"","method":"GET","params":{},"query":{},"url":"/person/getByDni/90324023-7"},"timestamp":"2023-09-25 00:25:25"}
{"level":"info","message":{"data":{"address":"Condor117","dni":"90324023-7","email":"kallpa@gmail.com","id":"58afc6af-4b07-41ed-bf4d-037b664377c4","maternallastname":" QUISPE","name":"DINA MARTINA","paternallastname":"CACERES","phone":"957902342"},"model":"person/getByDni"},"timestamp":"2023-09-25 00:25:25"}
{"level":"info","message":{"body":{"invertor":{"address":"Condor117","dni":"90324023-7","email":"kallpa@gmail.com","maternallastname":" QUISPE","name":"DINA MARTINA","paternallastname":"CACERES","phone":"957902342"},"investment":{"amount":15000,"enddate":"15/09/2023","interests":4500,"monthpay":"SEPTIEMBRE","months":"12","proyect":"Tarpuy","registrationdate":"15/09/2022","retention":225,"returnpercentage":"30","subtotal":19500,"total":19275}},"method":"POST","params":"","query":"","url":"/investment/create"},"timestamp":"2023-09-25 00:25:59"}
{"level":"info","message":{"error":{"address":"Condor117","dni":"90324023-7","email":"kallpa@gmail.com","id":"58afc6af-4b07-41ed-bf4d-037b664377c4","maternallastname":" QUISPE","name":"DINA MARTINA","paternallastname":"CACERES","phone":"957902342"},"model":"person/create"},"timestamp":"2023-09-25 00:26:00"}
{"level":"info","message":{"error":{"amount":"15000","enddate":"15/09/2023","id":"f6f6fafa-fb18-492b-bc1e-751d7c385bd2","interests":"4500","monthpay":"SEPTIEMBRE","months":"12","proyect":"Tarpuy","registrationdate":"15/09/2022","retention":"225","returnpercentage":"30","state":"Vigente","subtotal":"19500","total":"19275"},"model":"person/create"},"timestamp":"2023-09-25 00:26:00"}
{"level":"info","message":{"body":"","method":"GET","params":{},"query":{},"url":"/investment/getAll"},"timestamp":"2023-09-25 00:26:01"}
{"level":"info","message":{"body":"","method":"GET","params":{},"query":{},"url":"/investment/getAll"},"timestamp":"2023-09-25 00:26:01"}
{"level":"info","message":{"body":"","method":"GET","params":{},"query":{},"url":"/proyect/getAll"},"timestamp":"2023-09-25 00:26:02"}
{"level":"info","message":{"body":"","method":"GET","params":{},"query":{},"url":"/proyect/getAll"},"timestamp":"2023-09-25 00:26:02"}
{"level":"info","message":{"body":"","method":"GET","params":{},"query":{},"url":"/person/getByDni/93669563-9"},"timestamp":"2023-09-25 00:26:24"}
{"level":"info","message":{"data":null,"model":"person/getByDni"},"timestamp":"2023-09-25 00:26:25"}
{"level":"info","message":{"body":"","method":"GET","params":{},"query":{},"url":"/person/getByDni/93669563-9"},"timestamp":"2023-09-25 00:26:28"}
{"level":"info","message":{"data":null,"model":"person/getByDni"},"timestamp":"2023-09-25 00:26:28"}
{"level":"info","message":{"body":{"invertor":{"address":"Condor117","dni":"93669563-9","email":"kallpa@gmail.com","maternallastname":"SURCO","name":"ALIDA","paternallastname":"MERMA","phone":"957902342"},"investment":{"amount":18000,"enddate":"01/02/2024","interests":3600,"monthpay":"FEBRERO","months":"12","proyect":"Tarpuy","registrationdate":"01/02/2023","retention":180,"returnpercentage":"20","subtotal":21600,"total":21420}},"method":"POST","params":"","query":"","url":"/investment/create"},"timestamp":"2023-09-25 00:27:09"}
{"level":"info","message":{"error":{"address":"Condor117","dni":"93669563-9","email":"kallpa@gmail.com","id":"93a380b0-ea03-4186-b18c-6f0b4e8e9cf4","maternallastname":"SURCO","name":"ALIDA","paternallastname":"MERMA","phone":"957902342"},"model":"person/create"},"timestamp":"2023-09-25 00:27:10"}
{"level":"info","message":{"error":{"amount":"18000","enddate":"01/02/2024","id":"e58f603b-f7c9-4fa2-b255-51728adcdffb","interests":"3600","monthpay":"FEBRERO","months":"12","proyect":"Tarpuy","registrationdate":"01/02/2023","retention":"180","returnpercentage":"20","state":"Vigente","subtotal":"21600","total":"21420"},"model":"person/create"},"timestamp":"2023-09-25 00:27:10"}
{"level":"info","message":{"body":"","method":"GET","params":{},"query":{},"url":"/investment/getAll"},"timestamp":"2023-09-25 00:27:11"}
{"level":"info","message":{"body":"","method":"GET","params":{},"query":{},"url":"/investment/getAll"},"timestamp":"2023-09-25 00:27:11"}
{"level":"info","message":{"body":"","method":"GET","params":{},"query":{},"url":"/proyect/getAll"},"timestamp":"2023-09-25 00:27:12"}
{"level":"info","message":{"body":"","method":"GET","params":{},"query":{},"url":"/proyect/getAll"},"timestamp":"2023-09-25 00:27:12"}
{"level":"info","message":{"body":"","method":"GET","params":{},"query":{},"url":"/person/getByDni/94881111-1"},"timestamp":"2023-09-25 00:27:27"}
{"level":"info","message":{"data":null,"model":"person/getByDni"},"timestamp":"2023-09-25 00:27:28"}
{"level":"info","message":{"body":{"invertor":{"address":"Condor117","dni":"94881111-1","email":"kallpa@gmail.com","maternallastname":"CCORA","name":"RODRIGO","paternallastname":"VILLALBA","phone":"957902342"},"investment":{"amount":130000,"enddate":"01/10/2023","interests":13000,"monthpay":"OCTUBRE","months":"6","proyect":"Tarpuy","registrationdate":"01/04/2023","retention":650,"returnpercentage":"10","subtotal":143000,"total":142350}},"method":"POST","params":"","query":"","url":"/investment/create"},"timestamp":"2023-09-25 00:28:20"}
{"level":"info","message":{"error":{"address":"Condor117","dni":"94881111-1","email":"kallpa@gmail.com","id":"148ae35b-e4f3-4a92-a423-78059f42852d","maternallastname":"CCORA","name":"RODRIGO","paternallastname":"VILLALBA","phone":"957902342"},"model":"person/create"},"timestamp":"2023-09-25 00:28:21"}
{"level":"info","message":{"error":{"amount":"130000","enddate":"01/10/2023","id":"065f7c21-ce47-4a7d-a5a1-53258473830f","interests":"13000","monthpay":"OCTUBRE","months":"6","proyect":"Tarpuy","registrationdate":"01/04/2023","retention":"650","returnpercentage":"10","state":"Vigente","subtotal":"143000","total":"142350"},"model":"person/create"},"timestamp":"2023-09-25 00:28:21"}
{"level":"info","message":{"body":"","method":"GET","params":{},"query":{},"url":"/person/getByDni/94980803-3"},"timestamp":"2023-09-25 00:28:36"}
{"level":"info","message":{"data":null,"model":"person/getByDni"},"timestamp":"2023-09-25 00:28:37"}
{"level":"info","message":"API listening port 4603","timestamp":"2023-09-25 00:29:27"}
{"level":"info","message":"Connected to Database","timestamp":"2023-09-25 00:29:28"}
{"level":"info","message":{"body":{"invertor":{"address":"Condor117","dni":"94980803-3","email":"kallpa@gmail.com","maternallastname":" SALAS ","name":"LUIS","paternallastname":"CACERES","phone":"957902342"},"investment":{"amount":15000,"enddate":"02/03/2023","interests":4500,"monthpay":"MARZO","months":"12","proyect":"Tarpuy","registrationdate":"02/03/2022","retention":225,"returnpercentage":"30","subtotal":19500,"total":19275}},"method":"POST","params":"","query":"","url":"/investment/create"},"timestamp":"2023-09-25 00:29:32"}
{"level":"info","message":{"error":{"address":"Condor117","dni":"94980803-3","email":"kallpa@gmail.com","id":"baf78cc9-88df-4288-9383-fddfee2a28da","maternallastname":" SALAS ","name":"LUIS","paternallastname":"CACERES","phone":"957902342"},"model":"person/create"},"timestamp":"2023-09-25 00:29:32"}
{"level":"info","message":{"error":{"amount":"15000","enddate":"02/03/2023","id":"7e569bfe-54bd-432a-b5d5-776b3e98e808","interests":"4500","monthpay":"MARZO","months":"12","proyect":"Tarpuy","registrationdate":"02/03/2022","retention":"225","returnpercentage":"30","state":"Vigente","subtotal":"19500","total":"19275"},"model":"person/create"},"timestamp":"2023-09-25 00:29:32"}
{"level":"info","message":{"body":"","method":"GET","params":{},"query":{},"url":"/investment/getAll"},"timestamp":"2023-09-25 00:29:35"}
{"level":"info","message":{"body":"","method":"GET","params":{},"query":{},"url":"/investment/getAll"},"timestamp":"2023-09-25 00:29:35"}
{"level":"info","message":{"body":"","method":"GET","params":{},"query":{},"url":"/proyect/getAll"},"timestamp":"2023-09-25 00:29:36"}
{"level":"info","message":{"body":"","method":"GET","params":{},"query":{},"url":"/proyect/getAll"},"timestamp":"2023-09-25 00:29:36"}
{"level":"info","message":{"body":"","method":"GET","params":{},"query":{},"url":"/person/getByDni/96055184-2"},"timestamp":"2023-09-25 00:30:23"}
{"level":"info","message":{"data":null,"model":"person/getByDni"},"timestamp":"2023-09-25 00:30:24"}
{"level":"info","message":{"body":"","method":"GET","params":{},"query":{},"url":"/person/getByDni/96055184-2"},"timestamp":"2023-09-25 00:30:27"}
{"level":"info","message":{"data":null,"model":"person/getByDni"},"timestamp":"2023-09-25 00:30:27"}
{"level":"info","message":"API listening port 4603","timestamp":"2023-09-25 00:31:23"}
{"level":"info","message":"Connected to Database","timestamp":"2023-09-25 00:31:24"}
{"level":"info","message":{"body":{"invertor":{"address":"Condor117","dni":"96055184-2","email":"kallpa@gmail.com","maternallastname":" ALCCAHUAMAN","name":"ABELL","paternallastname":" LLANLLAYA","phone":"957902342"},"investment":{"amount":60000,"enddate":"21/03/2023","interests":18000,"monthpay":"MARZO","months":"12","proyect":"Tarpuy","registrationdate":"21/03/2022","retention":900,"returnpercentage":"30","subtotal":78000,"total":77100}},"method":"POST","params":"","query":"","url":"/investment/create"},"timestamp":"2023-09-25 00:31:26"}
{"level":"info","message":{"error":{"address":"Condor117","dni":"96055184-2","email":"kallpa@gmail.com","id":"fd23900d-34c9-4e6e-b215-ae1090c1e5ac","maternallastname":" ALCCAHUAMAN","name":"ABELL","paternallastname":" LLANLLAYA","phone":"957902342"},"model":"person/create"},"timestamp":"2023-09-25 00:31:26"}
{"level":"info","message":{"error":{"amount":"60000","enddate":"21/03/2023","id":"874dc90d-6565-4c67-b1cd-0cc543e61ead","interests":"18000","monthpay":"MARZO","months":"12","proyect":"Tarpuy","registrationdate":"21/03/2022","retention":"900","returnpercentage":"30","state":"Vigente","subtotal":"78000","total":"77100"},"model":"person/create"},"timestamp":"2023-09-25 00:31:27"}
{"level":"info","message":{"body":"","method":"GET","params":{},"query":{},"url":"/investment/getAll"},"timestamp":"2023-09-25 00:31:28"}
{"level":"info","message":{"body":"","method":"GET","params":{},"query":{},"url":"/investment/getAll"},"timestamp":"2023-09-25 00:31:29"}
{"level":"info","message":{"body":"","method":"GET","params":{},"query":{},"url":"/proyect/getAll"},"timestamp":"2023-09-25 00:31:30"}
{"level":"info","message":{"body":"","method":"GET","params":{},"query":{},"url":"/proyect/getAll"},"timestamp":"2023-09-25 00:31:30"}
{"level":"info","message":{"body":"","method":"GET","params":{},"query":{},"url":"/person/getByDni/93990056-k"},"timestamp":"2023-09-25 00:31:44"}
{"level":"info","message":{"data":null,"model":"person/getByDni"},"timestamp":"2023-09-25 00:31:45"}
{"level":"info","message":{"body":"","method":"GET","params":{},"query":{},"url":"/person/getByDni/93990056-k"},"timestamp":"2023-09-25 00:31:47"}
{"level":"info","message":{"data":null,"model":"person/getByDni"},"timestamp":"2023-09-25 00:31:47"}
{"level":"info","message":"API listening port 4603","timestamp":"2023-09-25 00:32:36"}
{"level":"info","message":"Connected to Database","timestamp":"2023-09-25 00:32:37"}
{"level":"info","message":{"body":{"invertor":{"address":"Condor117","dni":"93990056-k","email":"kallpa@gmail.com","maternallastname":" HUARCUSI","name":"EDGAR JESUS ","paternallastname":"SEVILLANO","phone":"957902342"},"investment":{"amount":100000,"enddate":"04/11/2023","interests":55000,"monthpay":"NOVIEMBRE","months":"24","proyect":"Tarpuy","registrationdate":"04/11/2021","retention":2750,"returnpercentage":"55","subtotal":155000,"total":152250}},"method":"POST","params":"","query":"","url":"/investment/create"},"timestamp":"2023-09-25 00:32:42"}
